[debug] [2022-09-12T21:55:28.988Z] ----------------------------------------------------------------------
[debug] [2022-09-12T21:55:28.990Z] Command:       C:\Program Files\nodejs\node.exe C:\Users\Al Hisham Anik\AppData\Roaming\npm\node_modules\firebase-tools\lib\bin\firebase.js init
[debug] [2022-09-12T21:55:28.991Z] CLI Version:   11.9.0
[debug] [2022-09-12T21:55:28.991Z] Platform:      win32
[debug] [2022-09-12T21:55:28.991Z] Node Version:  v16.14.2
[debug] [2022-09-12T21:55:28.992Z] Time:          Mon Sep 12 2022 15:55:28 GMT-0600 (Mountain Daylight Time)
[debug] [2022-09-12T21:55:28.993Z] ----------------------------------------------------------------------
[debug] 
[debug] [2022-09-12T21:55:29.002Z] > command requires scopes: ["email","openid","https://www.googleapis.com/auth/cloudplatformprojects.readonly","https://www.googleapis.com/auth/firebase","https://www.googleapis.com/auth/cloud-platform"]
[debug] [2022-09-12T21:55:29.003Z] > authorizing via signed-in user (alhishamanikjoy@gmail.com)
[info] 
     ######## #### ########  ######## ########     ###     ######  ########
     ##        ##  ##     ## ##       ##     ##  ##   ##  ##       ##
     ######    ##  ########  ######   ########  #########  ######  ######
     ##        ##  ##    ##  ##       ##     ## ##     ##       ## ##
     ##       #### ##     ## ######## ########  ##     ##  ######  ########

You're about to initialize a Firebase project in this directory:

  C:\Users\Al Hisham Anik\awesome-portfolio-websites-master

[info] 
=== Project Setup
[info] 
[info] First, let's associate this project directory with a Firebase project.
[info] You can create multiple project aliases by running firebase use --add, 
[info] but for now we'll just set up a default project.
[info] 
[debug] [2022-09-12T21:55:38.612Z] >>> [apiv2][query] GET https://firebase.googleapis.com/v1beta1/projects pageSize=100
[debug] [2022-09-12T21:55:39.067Z] <<< [apiv2][status] GET https://firebase.googleapis.com/v1beta1/projects 200
[debug] [2022-09-12T21:55:39.067Z] <<< [apiv2][body] GET https://firebase.googleapis.com/v1beta1/projects [omitted]
[info] i  Using project alhisham-e3d77 (alhisham) 
[info] 
=== Hosting Setup
[info] 
[info] Your public directory is the folder (relative to your project directory) that
[info] will contain Hosting assets to be uploaded with firebase deploy. If you
[info] have a build process for your assets, use your build's output directory.
[info] 
